0 info it worked if it ends with ok
1 verbose cli [ '/usr/bin/node', '/usr/bin/npm', 'install', 'modulus', '-g' ]
2 info using npm@2.11.3
3 info using node@v0.12.7
4 verbose node symlink /usr/bin/node
5 verbose install initial load of /usr/lib/package.json
6 verbose readDependencies loading dependencies from /usr/lib/package.json
7 silly cache add args [ 'modulus', null ]
8 verbose cache add spec modulus
9 silly cache add parsed spec { raw: 'modulus',
9 silly cache add   scope: null,
9 silly cache add   name: 'modulus',
9 silly cache add   rawSpec: '',
9 silly cache add   spec: '*',
9 silly cache add   type: 'range' }
10 silly addNamed modulus@*
11 verbose addNamed "*" is a valid semver range for modulus
12 silly addNameRange { name: 'modulus', range: '*', hasData: false }
13 silly mapToRegistry name modulus
14 silly mapToRegistry using default registry
15 silly mapToRegistry registry https://registry.npmjs.org/
16 silly mapToRegistry uri https://registry.npmjs.org/modulus
17 verbose addNameRange registry:https://registry.npmjs.org/modulus not in flight; fetching
18 verbose request uri https://registry.npmjs.org/modulus
19 verbose request no auth needed
20 info attempt registry request try #1 at 00:05:43
21 verbose request id 9f3bb9d4d1ef0f71
22 http request GET https://registry.npmjs.org/modulus
23 http 200 https://registry.npmjs.org/modulus
24 silly get cb [ 200,
24 silly get   { server: 'CouchDB/1.5.0 (Erlang OTP/R16B03)',
24 silly get     etag: '"8OUU2NU0QZJ2O28ULDEYRNEVH"',
24 silly get     'content-type': 'application/json',
24 silly get     'cache-control': 'max-age=60',
24 silly get     'content-length': '166029',
24 silly get     'accept-ranges': 'bytes',
24 silly get     date: 'Thu, 20 Aug 2015 18:35:50 GMT',
24 silly get     via: '1.1 varnish',
24 silly get     age: '1',
24 silly get     connection: 'keep-alive',
24 silly get     'x-served-by': 'cache-sin6926-SIN',
24 silly get     'x-cache': 'MISS',
24 silly get     'x-cache-hits': '0',
24 silly get     'x-timer': 'S1440095749.442604,VS0,VE1065',
24 silly get     vary: 'Accept' } ]
25 verbose get saving modulus to /home/loop/.npm/registry.npmjs.org/modulus/.cache.json
26 silly addNameRange number 2 { name: 'modulus', range: '*', hasData: true }
27 silly addNameRange versions [ 'modulus',
27 silly addNameRange   [ '0.0.1',
27 silly addNameRange     '0.0.2',
27 silly addNameRange     '0.0.3',
27 silly addNameRange     '0.0.4',
27 silly addNameRange     '0.0.5',
27 silly addNameRange     '0.1.0',
27 silly addNameRange     '0.1.1',
27 silly addNameRange     '0.1.2',
27 silly addNameRange     '0.1.3',
27 silly addNameRange     '0.1.4',
27 silly addNameRange     '0.1.5',
27 silly addNameRange     '0.1.6',
27 silly addNameRange     '0.1.7',
27 silly addNameRange     '0.1.8',
27 silly addNameRange     '0.1.9',
27 silly addNameRange     '0.1.10',
27 silly addNameRange     '0.1.11',
27 silly addNameRange     '0.1.12',
27 silly addNameRange     '0.1.13',
27 silly addNameRange     '0.1.14',
27 silly addNameRange     '0.1.14-2',
27 silly addNameRange     '0.1.15',
27 silly addNameRange     '0.1.16',
27 silly addNameRange     '0.1.17',
27 silly addNameRange     '0.1.18',
27 silly addNameRange     '0.2.0',
27 silly addNameRange     '0.2.1',
27 silly addNameRange     '0.2.2',
27 silly addNameRange     '0.2.2-1',
27 silly addNameRange     '0.2.2-2',
27 silly addNameRange     '0.2.3',
27 silly addNameRange     '0.3.0',
27 silly addNameRange     '0.3.1',
27 silly addNameRange     '0.4.0',
27 silly addNameRange     '0.5.0',
27 silly addNameRange     '0.5.1',
27 silly addNameRange     '0.6.2',
27 silly addNameRange     '0.6.3',
27 silly addNameRange     '1.0.0',
27 silly addNameRange     '1.0.1',
27 silly addNameRange     '1.0.2',
27 silly addNameRange     '1.0.3',
27 silly addNameRange     '1.1.0',
27 silly addNameRange     '1.1.1',
27 silly addNameRange     '1.2.0',
27 silly addNameRange     '1.2.1',
27 silly addNameRange     '1.2.2',
27 silly addNameRange     '2.0.0',
27 silly addNameRange     '2.0.1',
27 silly addNameRange     '2.0.2',
27 silly addNameRange     '2.1.0',
27 silly addNameRange     '3.0.0',
27 silly addNameRange     '3.0.1',
27 silly addNameRange     '3.0.2',
27 silly addNameRange     '3.0.3',
27 silly addNameRange     '3.0.4',
27 silly addNameRange     '3.0.5',
27 silly addNameRange     '3.1.0',
27 silly addNameRange     '3.2.0',
27 silly addNameRange     '3.2.1',
27 silly addNameRange     '3.3.0',
27 silly addNameRange     '3.4.0',
27 silly addNameRange     '3.4.1',
27 silly addNameRange     '3.4.2',
27 silly addNameRange     '3.5.0',
27 silly addNameRange     '3.5.1',
27 silly addNameRange     '3.6.0',
27 silly addNameRange     '3.6.1',
27 silly addNameRange     '3.6.2',
27 silly addNameRange     '3.6.3',
27 silly addNameRange     '3.7.0',
27 silly addNameRange     '3.7.1',
27 silly addNameRange     '3.7.2',
27 silly addNameRange     '3.7.3',
27 silly addNameRange     '3.8.0',
27 silly addNameRange     '3.9.0',
27 silly addNameRange     '3.10.0',
27 silly addNameRange     '3.10.1',
27 silly addNameRange     '3.10.2',
27 silly addNameRange     '3.10.3',
27 silly addNameRange     '3.11.0',
27 silly addNameRange     '3.11.1',
27 silly addNameRange     '3.13.0',
27 silly addNameRange     '3.13.1',
27 silly addNameRange     '3.13.2',
27 silly addNameRange     '3.13.3',
27 silly addNameRange     '3.13.4',
27 silly addNameRange     '3.14.0',
27 silly addNameRange     '3.14.1',
27 silly addNameRange     '3.15.0',
27 silly addNameRange     '3.15.1',
27 silly addNameRange     '4.0.0' ] ]
28 silly addNamed modulus@4.0.0
29 verbose addNamed "4.0.0" is a plain semver version for modulus
30 silly mapToRegistry name modulus
31 silly mapToRegistry using default registry
32 silly mapToRegistry registry https://registry.npmjs.org/
33 silly mapToRegistry uri https://registry.npmjs.org/modulus
34 verbose addRemoteTarball https://registry.npmjs.org/modulus/-/modulus-4.0.0.tgz not in flight; adding
35 verbose addRemoteTarball [ 'https://registry.npmjs.org/modulus/-/modulus-4.0.0.tgz',
35 verbose addRemoteTarball   '90bf49c7a9ca209031e87b14b4d28f3b4951fd90' ]
36 info retry fetch attempt 1 at 00:05:52
37 info attempt registry request try #1 at 00:05:52
38 http fetch GET https://registry.npmjs.org/modulus/-/modulus-4.0.0.tgz
39 http fetch 200 https://registry.npmjs.org/modulus/-/modulus-4.0.0.tgz
40 silly fetchAndShaCheck shasum 90bf49c7a9ca209031e87b14b4d28f3b4951fd90
41 verbose addTmpTarball /tmp/npm-14835-94965b70/registry.npmjs.org/modulus/-/modulus-4.0.0.tgz not in flight; adding
42 verbose addTmpTarball already have metadata; skipping unpack for modulus@4.0.0
43 silly cache afterAdd modulus@4.0.0
44 verbose afterAdd /home/loop/.npm/modulus/4.0.0/package/package.json not in flight; writing
45 verbose afterAdd /home/loop/.npm/modulus/4.0.0/package/package.json written
46 silly install resolved [ { name: 'modulus',
46 silly install resolved     description: 'The command line interface for deploying applications to the Modulus hosting platform.',
46 silly install resolved     keywords:
46 silly install resolved      [ 'cli',
46 silly install resolved        'modulus',
46 silly install resolved        'hosting',
46 silly install resolved        'cloud hosting',
46 silly install resolved        'paas',
46 silly install resolved        'platform-as-a-service',
46 silly install resolved        'deployment',
46 silly install resolved        'deploy',
46 silly install resolved        'command line',
46 silly install resolved        'modulusio' ],
46 silly install resolved     version: '4.0.0',
46 silly install resolved     author: { name: 'Modulus', email: 'feedback@modulus.io' },
46 silly install resolved     maintainers:
46 silly install resolved      [ [Object],
46 silly install resolved        [Object],
46 silly install resolved        [Object],
46 silly install resolved        [Object],
46 silly install resolved        [Object],
46 silly install resolved        [Object],
46 silly install resolved        [Object] ],
46 silly install resolved     repository:
46 silly install resolved      { type: 'git',
46 silly install resolved        url: 'git+https://github.com/onmodulus/modulus-cli.git' },
46 silly install resolved     licenses: [ [Object] ],
46 silly install resolved     dependencies:
46 silly install resolved      { async: '0.1.x',
46 silly install resolved        colors: '0.6.x',
46 silly install resolved        'commander-plus': '0.0.x',
46 silly install resolved        demeteorizer: '2.x.x',
46 silly install resolved        'find-file-sync': '0.0.2',
46 silly install resolved        'fs-tools': '~0.2.10',
46 silly install resolved        'fstream-ignore': '0.0.x',
46 silly install resolved        'node-uuid': '1.3.3',
46 silly install resolved        progress: '0.1.x',
46 silly install resolved        prompt: '0.2.x',
46 silly install resolved        request: '2.27.x',
46 silly install resolved        split: '0.3.0',
46 silly install resolved        'text-table': '0.2.0',
46 silly install resolved        through: '2.3.4',
46 silly install resolved        underscore: '1.4.x',
46 silly install resolved        'update-notifier': '~0.1.7',
46 silly install resolved        'zip-stream': '0.5.1' },
46 silly install resolved     devDependencies: { mocha: '1.5.x', express: '3.0.x' },
46 silly install resolved     main: './lib/modulus',
46 silly install resolved     bin: { modulus: './bin/modulus' },
46 silly install resolved     preferGlobal: true,
46 silly install resolved     engines: { node: '>= 0.8.0' },
46 silly install resolved     scripts: {},
46 silly install resolved     gitHead: '0c019246696ceaa79a7a7418ab829f341110e0d0',
46 silly install resolved     bugs: { url: 'https://github.com/onmodulus/modulus-cli/issues' },
46 silly install resolved     homepage: 'https://github.com/onmodulus/modulus-cli#readme',
46 silly install resolved     _id: 'modulus@4.0.0',
46 silly install resolved     _shasum: '90bf49c7a9ca209031e87b14b4d28f3b4951fd90',
46 silly install resolved     _from: 'modulus@*',
46 silly install resolved     _npmVersion: '2.13.3',
46 silly install resolved     _nodeVersion: '3.0.0',
46 silly install resolved     _npmUser: { name: 'fiveisprime', email: 'matt@modulus.io' },
46 silly install resolved     dist:
46 silly install resolved      { shasum: '90bf49c7a9ca209031e87b14b4d28f3b4951fd90',
46 silly install resolved        tarball: 'http://registry.npmjs.org/modulus/-/modulus-4.0.0.tgz' },
46 silly install resolved     directories: {},
46 silly install resolved     _resolved: 'https://registry.npmjs.org/modulus/-/modulus-4.0.0.tgz' } ]
47 info install modulus@4.0.0 into /usr/lib
48 info installOne modulus@4.0.0
49 verbose installOne of modulus to /usr/lib not in flight; installing
50 verbose lock using /home/loop/.npm/_locks/modulus-9485b68c91e639af.lock for /usr/lib/node_modules/modulus
51 silly install write writing modulus 4.0.0 to /usr/lib/node_modules/modulus
52 verbose unbuild lib/node_modules/modulus
53 silly gentlyRm /usr/lib/node_modules/modulus is being purged from base /usr
54 verbose gentlyRm don't care about contents; nuking /usr/lib/node_modules/modulus
55 verbose tar unpack /home/loop/.npm/modulus/4.0.0/package.tgz
56 verbose tar unpacking to /usr/lib/node_modules/modulus
57 silly gentlyRm /usr/lib/node_modules/modulus is being purged
58 verbose gentlyRm don't care about contents; nuking /usr/lib/node_modules/modulus
59 silly gunzTarPerm modes [ '775', '664' ]
60 error tar.unpack untar error /home/loop/.npm/modulus/4.0.0/package.tgz
61 verbose unlock done using /home/loop/.npm/_locks/modulus-9485b68c91e639af.lock for /usr/lib/node_modules/modulus
62 verbose fstream_path /usr/lib/node_modules/modulus
63 verbose fstream_type Directory
64 verbose fstream_class DirWriter
65 verbose stack Error: EACCES, mkdir '/usr/lib/node_modules/modulus'
65 verbose stack     at Error (native)
66 verbose fstream_stack /usr/lib/node_modules/npm/node_modules/fstream/lib/dir-writer.js:35:25
66 verbose fstream_stack /usr/lib/node_modules/npm/node_modules/mkdirp/index.js:47:53
66 verbose fstream_stack FSReqWrap.oncomplete (fs.js:95:15)
67 verbose cwd /home/loop/trendline/public/js
68 error Linux 3.19.0-25-generic
69 error argv "/usr/bin/node" "/usr/bin/npm" "install" "modulus" "-g"
70 error node v0.12.7
71 error npm  v2.11.3
72 error path /usr/lib/node_modules/modulus
73 error code EACCES
74 error errno -13
75 error Error: EACCES, mkdir '/usr/lib/node_modules/modulus'
75 error     at Error (native)
75 error  { [Error: EACCES, mkdir '/usr/lib/node_modules/modulus']
75 error   errno: -13,
75 error   code: 'EACCES',
75 error   path: '/usr/lib/node_modules/modulus',
75 error   fstream_type: 'Directory',
75 error   fstream_path: '/usr/lib/node_modules/modulus',
75 error   fstream_class: 'DirWriter',
75 error   fstream_stack:
75 error    [ '/usr/lib/node_modules/npm/node_modules/fstream/lib/dir-writer.js:35:25',
75 error      '/usr/lib/node_modules/npm/node_modules/mkdirp/index.js:47:53',
75 error      'FSReqWrap.oncomplete (fs.js:95:15)' ] }
76 error Please try running this command again as root/Administrator.
77 verbose exit [ -13, true ]
78 verbose unbuild lib/node_modules/modulus
79 silly gentlyRm /usr/lib/node_modules/modulus is being purged from base /usr
80 verbose gentlyRm don't care about contents; nuking /usr/lib/node_modules/modulus
